<?xml version="1.0" encoding="UTF-8"?>
<beans
	xmlns="http://www.springframework.org/schema/beans"
	xmlns:xsi="http://www.w3.org/2001/XMLSchema-instance"
	xmlns:context="http://www.springframework.org/schema/context"
	xmlns:jpa="http://www.springframework.org/schema/data/jpa"
	xmlns:tx="http://www.springframework.org/schema/tx"
	xsi:schemaLocation="http://www.springframework.org/schema/beans http://www.springframework.org/schema/beans/spring-beans.xsd
		http://www.springframework.org/schema/context http://www.springframework.org/schema/context/spring-context-4.0.xsd
		http://www.springframework.org/schema/tx http://www.springframework.org/schema/tx/spring-tx-4.0.xsd
		http://www.springframework.org/schema/data/jpa http://www.springframework.org/schema/data/jpa/spring-jpa-1.3.xsd">

	<!-- Root Context: defines shared resources visible to all other web components -->
<!-- 
	<context:spring-configured />
-->
	<import resource="classpath:db-context-dao.xml"/>

	<bean
		id="transactionManager"
		class="org.springframework.orm.jpa.JpaTransactionManager">
		<property
			name="entityManagerFactory"
			ref="testEntityManagerFactory" />
	</bean>

	<bean
		id="testEntityManagerFactory"
		class="org.springframework.orm.jpa.LocalEntityManagerFactoryBean">
		<property name="persistenceUnitName" value="ticketlineDB" />
		<property name="jpaVendorAdapter">
			<bean class="org.springframework.orm.jpa.vendor.HibernateJpaVendorAdapter"></bean>
		</property>
		
		<property name="jpaProperties">
			<props>
				<prop key="hibernate.archive.autodetection">class, hbm</prop>
				<prop key="hibernate.dialect">org.hibernate.dialect.HSQLDialect</prop>
				<prop key="hibernate.hbm2ddl.auto">create</prop>
				<prop key="hibernate.connection.charSet">UTF-8</prop>
				<prop key="hibernate.show_sql">true</prop>
				<prop key="hibernate.format_sql">false</prop>
				
				<prop key="hibernate.connection.driver_class">org.hsqldb.jdbcDriver</prop>
				<prop key="hibernate.connection.username">sa</prop>
				<prop key="hibernate.connection.password"></prop>
				<prop key="hibernate.connection.url">jdbc:hsqldb:mem:tl_test</prop>
				
				<prop key="hibernate.hbm2ddl.import_files">test_dataScript.sql</prop>
			</props>
		</property>
		
	</bean>

	<tx:annotation-driven
		mode="aspectj"
		transaction-manager="transactionManager" />
</beans>
